2018-03-07 22:28:17,473 INFO 7764 [egg:logger] init all loggers with options: {"dir":"F:\\code\\egg-rely\\example-app\\logs\\progressive","encoding":"utf8","env":"local","level":"INFO","consoleLevel":"INFO","disableConsoleAfterReady":false,"outputJSON":false,"buffer":true,"appLogName":"progressive-web.log","coreLogName":"egg-web.log","agentLogName":"egg-agent.log","errorLogName":"common-error.log","coreLogger":{"consoleLevel":"WARN"},"allowDebugAtProd":true,"type":"application"}
2018-03-07 22:28:17,502 INFO 7764 [egg-schedule]: register schedule F:\code\egg-rely\example-framework\node_modules\egg-logrotator\app\schedule\clean_log.js
2018-03-07 22:28:17,502 INFO 7764 [egg-schedule]: register schedule F:\code\egg-rely\example-framework\node_modules\egg-logrotator\app\schedule\rotate_by_file.js
2018-03-07 22:28:17,555 INFO 7764 [egg-static] starting static serve /public/ -> F:\code\egg-rely\example-app\app\public
2018-03-07 22:28:17,558 INFO 7764 [egg-security] use csrf middleware
2018-03-07 22:28:17,559 INFO 7764 [egg-security] use methodnoallow middleware
2018-03-07 22:28:17,559 INFO 7764 [egg-security] use noopen middleware
2018-03-07 22:28:17,559 INFO 7764 [egg-security] use nosniff middleware
2018-03-07 22:28:17,560 INFO 7764 [egg-security] use xssProtection middleware
2018-03-07 22:28:17,560 INFO 7764 [egg-security] use xframe middleware
2018-03-07 22:28:17,560 INFO 7764 [egg-security] use dta middleware
2018-03-07 22:28:17,560 INFO 7764 [egg-security] compose 7 middlewares into one security middleware
2018-03-07 22:28:17,582 INFO 7764 [egg-watcher:app] watcher start success
2018-03-07 22:40:59,439 INFO 1612 [egg:logger] init all loggers with options: {"dir":"F:\\code\\egg-rely\\example-app\\logs\\progressive","encoding":"utf8","env":"local","level":"INFO","consoleLevel":"INFO","disableConsoleAfterReady":false,"outputJSON":false,"buffer":true,"appLogName":"progressive-web.log","coreLogName":"egg-web.log","agentLogName":"egg-agent.log","errorLogName":"common-error.log","coreLogger":{"consoleLevel":"WARN"},"allowDebugAtProd":true,"type":"application"}
2018-03-07 22:40:59,469 INFO 1612 [egg-schedule]: register schedule F:\code\egg-rely\example-app\node_modules\_egg-logrotator@2.3.1@egg-logrotator\app\schedule\clean_log.js
2018-03-07 22:40:59,469 INFO 1612 [egg-schedule]: register schedule F:\code\egg-rely\example-app\node_modules\_egg-logrotator@2.3.1@egg-logrotator\app\schedule\rotate_by_file.js
2018-03-07 22:40:59,532 INFO 1612 [egg-static] starting static serve /public/ -> F:\code\egg-rely\example-app\app\public
2018-03-07 22:40:59,537 INFO 1612 [egg-security] use csrf middleware
2018-03-07 22:40:59,538 INFO 1612 [egg-security] use methodnoallow middleware
2018-03-07 22:40:59,539 INFO 1612 [egg-security] use noopen middleware
2018-03-07 22:40:59,539 INFO 1612 [egg-security] use nosniff middleware
2018-03-07 22:40:59,540 INFO 1612 [egg-security] use xssProtection middleware
2018-03-07 22:40:59,540 INFO 1612 [egg-security] use xframe middleware
2018-03-07 22:40:59,540 INFO 1612 [egg-security] use dta middleware
2018-03-07 22:40:59,540 INFO 1612 [egg-security] compose 7 middlewares into one security middleware
2018-03-07 22:40:59,563 INFO 1612 [egg-watcher:app] watcher start success
2018-03-07 23:12:11,414 INFO 10388 [egg:logger] init all loggers with options: {"dir":"f:\\code\\egg-rely\\example-app\\logs\\progressive","encoding":"utf8","env":"local","level":"INFO","consoleLevel":"INFO","disableConsoleAfterReady":false,"outputJSON":false,"buffer":true,"appLogName":"progressive-web.log","coreLogName":"egg-web.log","agentLogName":"egg-agent.log","errorLogName":"common-error.log","coreLogger":{"consoleLevel":"WARN"},"allowDebugAtProd":true,"type":"application"}
2018-03-07 23:12:11,440 INFO 10388 [egg-schedule]: register schedule F:\code\egg-rely\example-app\node_modules\_egg-logrotator@2.3.1@egg-logrotator\app\schedule\clean_log.js
2018-03-07 23:12:11,440 INFO 10388 [egg-schedule]: register schedule F:\code\egg-rely\example-app\node_modules\_egg-logrotator@2.3.1@egg-logrotator\app\schedule\rotate_by_file.js
2018-03-07 23:12:11,506 INFO 10388 [egg-static] starting static serve /public/ -> f:\code\egg-rely\example-app\app\public
2018-03-07 23:12:11,507 INFO 10388 [egg-security] use csrf middleware
2018-03-07 23:12:11,509 INFO 10388 [egg-security] use methodnoallow middleware
2018-03-07 23:12:11,509 INFO 10388 [egg-security] use noopen middleware
2018-03-07 23:12:11,510 INFO 10388 [egg-security] use nosniff middleware
2018-03-07 23:12:11,510 INFO 10388 [egg-security] use xssProtection middleware
2018-03-07 23:12:11,511 INFO 10388 [egg-security] use xframe middleware
2018-03-07 23:12:11,511 INFO 10388 [egg-security] use dta middleware
2018-03-07 23:12:11,511 INFO 10388 [egg-security] compose 7 middlewares into one security middleware
2018-03-07 23:19:50,631 INFO 10544 [egg:logger] init all loggers with options: {"dir":"f:\\code\\egg-rely\\example-app\\logs\\progressive","encoding":"utf8","env":"local","level":"INFO","consoleLevel":"INFO","disableConsoleAfterReady":false,"outputJSON":false,"buffer":true,"appLogName":"progressive-web.log","coreLogName":"egg-web.log","agentLogName":"egg-agent.log","errorLogName":"common-error.log","coreLogger":{"consoleLevel":"WARN"},"allowDebugAtProd":true,"type":"application"}
2018-03-07 23:19:50,659 INFO 10544 [egg-schedule]: register schedule F:\code\egg-rely\example-app\node_modules\_egg-logrotator@2.3.1@egg-logrotator\app\schedule\clean_log.js
2018-03-07 23:19:50,659 INFO 10544 [egg-schedule]: register schedule F:\code\egg-rely\example-app\node_modules\_egg-logrotator@2.3.1@egg-logrotator\app\schedule\rotate_by_file.js
2018-03-07 23:19:50,729 INFO 10544 [egg-static] starting static serve /public/ -> f:\code\egg-rely\example-app\app\public
2018-03-07 23:19:50,731 INFO 10544 [egg-security] use csrf middleware
2018-03-07 23:19:50,732 INFO 10544 [egg-security] use methodnoallow middleware
2018-03-07 23:19:50,733 INFO 10544 [egg-security] use noopen middleware
2018-03-07 23:19:50,733 INFO 10544 [egg-security] use nosniff middleware
2018-03-07 23:19:50,734 INFO 10544 [egg-security] use xssProtection middleware
2018-03-07 23:19:50,734 INFO 10544 [egg-security] use xframe middleware
2018-03-07 23:19:50,735 INFO 10544 [egg-security] use dta middleware
2018-03-07 23:19:50,735 INFO 10544 [egg-security] compose 7 middlewares into one security middleware
2018-03-08 20:45:11,362 INFO 9428 [egg:logger] init all loggers with options: {"dir":"F:\\code\\egg-rely\\example-app\\logs\\progressive","encoding":"utf8","env":"local","level":"INFO","consoleLevel":"INFO","disableConsoleAfterReady":false,"outputJSON":false,"buffer":true,"appLogName":"progressive-web.log","coreLogName":"egg-web.log","agentLogName":"egg-agent.log","errorLogName":"common-error.log","coreLogger":{"consoleLevel":"WARN"},"allowDebugAtProd":true,"type":"application"}
2018-03-08 20:45:11,392 INFO 9428 [egg-schedule]: register schedule F:\code\egg-rely\example-app\node_modules\_egg-logrotator@2.3.1@egg-logrotator\app\schedule\clean_log.js
2018-03-08 20:45:11,392 INFO 9428 [egg-schedule]: register schedule F:\code\egg-rely\example-app\node_modules\_egg-logrotator@2.3.1@egg-logrotator\app\schedule\rotate_by_file.js
2018-03-08 20:45:11,446 INFO 9428 [egg-static] starting static serve /public/ -> F:\code\egg-rely\example-app\app\public
2018-03-08 20:45:11,449 INFO 9428 [egg-security] use csrf middleware
2018-03-08 20:45:11,450 INFO 9428 [egg-security] use methodnoallow middleware
2018-03-08 20:45:11,450 INFO 9428 [egg-security] use noopen middleware
2018-03-08 20:45:11,450 INFO 9428 [egg-security] use nosniff middleware
2018-03-08 20:45:11,451 INFO 9428 [egg-security] use xssProtection middleware
2018-03-08 20:45:11,451 INFO 9428 [egg-security] use xframe middleware
2018-03-08 20:45:11,451 INFO 9428 [egg-security] use dta middleware
2018-03-08 20:45:11,451 INFO 9428 [egg-security] compose 7 middlewares into one security middleware
2018-03-08 20:50:33,803 INFO 9048 [egg:logger] init all loggers with options: {"dir":"F:\\code\\egg-rely\\example-app\\logs\\progressive","encoding":"utf8","env":"local","level":"INFO","consoleLevel":"INFO","disableConsoleAfterReady":false,"outputJSON":false,"buffer":true,"appLogName":"progressive-web.log","coreLogName":"egg-web.log","agentLogName":"egg-agent.log","errorLogName":"common-error.log","coreLogger":{"consoleLevel":"WARN"},"allowDebugAtProd":true,"type":"application"}
2018-03-08 20:50:33,834 INFO 9048 [egg-schedule]: register schedule F:\code\egg-rely\example-app\node_modules\_egg-logrotator@2.3.1@egg-logrotator\app\schedule\clean_log.js
2018-03-08 20:50:33,834 INFO 9048 [egg-schedule]: register schedule F:\code\egg-rely\example-app\node_modules\_egg-logrotator@2.3.1@egg-logrotator\app\schedule\rotate_by_file.js
2018-03-08 20:50:33,891 INFO 9048 [egg-static] starting static serve /public/ -> F:\code\egg-rely\example-app\app\public
2018-03-08 20:50:33,894 INFO 9048 [egg-security] use csrf middleware
2018-03-08 20:50:33,895 INFO 9048 [egg-security] use methodnoallow middleware
2018-03-08 20:50:33,895 INFO 9048 [egg-security] use noopen middleware
2018-03-08 20:50:33,896 INFO 9048 [egg-security] use nosniff middleware
2018-03-08 20:50:33,896 INFO 9048 [egg-security] use xssProtection middleware
2018-03-08 20:50:33,896 INFO 9048 [egg-security] use xframe middleware
2018-03-08 20:50:33,896 INFO 9048 [egg-security] use dta middleware
2018-03-08 20:50:33,896 INFO 9048 [egg-security] compose 7 middlewares into one security middleware
2018-03-08 21:02:07,665 INFO 5832 [egg:logger] init all loggers with options: {"dir":"F:\\code\\egg-rely\\example-app\\logs\\progressive","encoding":"utf8","env":"local","level":"INFO","consoleLevel":"INFO","disableConsoleAfterReady":false,"outputJSON":false,"buffer":true,"appLogName":"progressive-web.log","coreLogName":"egg-web.log","agentLogName":"egg-agent.log","errorLogName":"common-error.log","coreLogger":{"consoleLevel":"WARN"},"allowDebugAtProd":true,"type":"application"}
2018-03-08 21:02:07,694 INFO 5832 [egg-schedule]: register schedule F:\code\egg-rely\example-app\node_modules\_egg-logrotator@2.3.1@egg-logrotator\app\schedule\clean_log.js
2018-03-08 21:02:07,694 INFO 5832 [egg-schedule]: register schedule F:\code\egg-rely\example-app\node_modules\_egg-logrotator@2.3.1@egg-logrotator\app\schedule\rotate_by_file.js
2018-03-08 21:02:07,752 INFO 5832 [egg-static] starting static serve /public/ -> F:\code\egg-rely\example-app\app\public
2018-03-08 21:02:07,754 INFO 5832 [egg-security] use csrf middleware
2018-03-08 21:02:07,754 INFO 5832 [egg-security] use methodnoallow middleware
2018-03-08 21:02:07,756 INFO 5832 [egg-security] use noopen middleware
2018-03-08 21:02:07,756 INFO 5832 [egg-security] use nosniff middleware
2018-03-08 21:02:07,756 INFO 5832 [egg-security] use xssProtection middleware
2018-03-08 21:02:07,757 INFO 5832 [egg-security] use xframe middleware
2018-03-08 21:02:07,757 INFO 5832 [egg-security] use dta middleware
2018-03-08 21:02:07,757 INFO 5832 [egg-security] compose 7 middlewares into one security middleware
2018-03-08 21:02:46,964 INFO 9704 [egg:logger] init all loggers with options: {"dir":"f:\\code\\egg-rely\\example-app\\logs\\progressive","encoding":"utf8","env":"local","level":"INFO","consoleLevel":"INFO","disableConsoleAfterReady":false,"outputJSON":false,"buffer":true,"appLogName":"progressive-web.log","coreLogName":"egg-web.log","agentLogName":"egg-agent.log","errorLogName":"common-error.log","coreLogger":{"consoleLevel":"WARN"},"allowDebugAtProd":true,"type":"application"}
2018-03-08 21:02:46,996 INFO 9704 [egg-schedule]: register schedule F:\code\egg-rely\example-app\node_modules\_egg-logrotator@2.3.1@egg-logrotator\app\schedule\clean_log.js
2018-03-08 21:02:46,996 INFO 9704 [egg-schedule]: register schedule F:\code\egg-rely\example-app\node_modules\_egg-logrotator@2.3.1@egg-logrotator\app\schedule\rotate_by_file.js
2018-03-08 21:02:47,065 INFO 9704 [egg-static] starting static serve /public/ -> f:\code\egg-rely\example-app\app\public
2018-03-08 21:02:47,067 INFO 9704 [egg-security] use csrf middleware
2018-03-08 21:02:47,068 INFO 9704 [egg-security] use methodnoallow middleware
2018-03-08 21:02:47,069 INFO 9704 [egg-security] use noopen middleware
2018-03-08 21:02:47,069 INFO 9704 [egg-security] use nosniff middleware
2018-03-08 21:02:47,070 INFO 9704 [egg-security] use xssProtection middleware
2018-03-08 21:02:47,071 INFO 9704 [egg-security] use xframe middleware
2018-03-08 21:02:47,072 INFO 9704 [egg-security] use dta middleware
2018-03-08 21:02:47,072 INFO 9704 [egg-security] compose 7 middlewares into one security middleware
2018-03-08 21:03:10,859 INFO 10100 [egg:logger] init all loggers with options: {"dir":"f:\\code\\egg-rely\\example-app\\logs\\progressive","encoding":"utf8","env":"local","level":"INFO","consoleLevel":"INFO","disableConsoleAfterReady":false,"outputJSON":false,"buffer":true,"appLogName":"progressive-web.log","coreLogName":"egg-web.log","agentLogName":"egg-agent.log","errorLogName":"common-error.log","coreLogger":{"consoleLevel":"WARN"},"allowDebugAtProd":true,"type":"application"}
2018-03-08 21:03:10,888 INFO 10100 [egg-schedule]: register schedule F:\code\egg-rely\example-app\node_modules\_egg-logrotator@2.3.1@egg-logrotator\app\schedule\clean_log.js
2018-03-08 21:03:10,888 INFO 10100 [egg-schedule]: register schedule F:\code\egg-rely\example-app\node_modules\_egg-logrotator@2.3.1@egg-logrotator\app\schedule\rotate_by_file.js
2018-03-08 21:03:10,969 INFO 10100 [egg-static] starting static serve /public/ -> f:\code\egg-rely\example-app\app\public
2018-03-08 21:03:10,971 INFO 10100 [egg-security] use csrf middleware
2018-03-08 21:03:10,973 INFO 10100 [egg-security] use methodnoallow middleware
2018-03-08 21:03:10,973 INFO 10100 [egg-security] use noopen middleware
2018-03-08 21:03:10,974 INFO 10100 [egg-security] use nosniff middleware
2018-03-08 21:03:10,974 INFO 10100 [egg-security] use xssProtection middleware
2018-03-08 21:03:10,974 INFO 10100 [egg-security] use xframe middleware
2018-03-08 21:03:10,974 INFO 10100 [egg-security] use dta middleware
2018-03-08 21:03:10,974 INFO 10100 [egg-security] compose 7 middlewares into one security middleware
2018-03-08 21:05:12,605 INFO 8716 [egg:logger] init all loggers with options: {"dir":"f:\\code\\egg-rely\\example-app\\logs\\progressive","encoding":"utf8","env":"local","level":"INFO","consoleLevel":"INFO","disableConsoleAfterReady":false,"outputJSON":false,"buffer":true,"appLogName":"progressive-web.log","coreLogName":"egg-web.log","agentLogName":"egg-agent.log","errorLogName":"common-error.log","coreLogger":{"consoleLevel":"WARN"},"allowDebugAtProd":true,"type":"application"}
2018-03-08 21:05:12,635 INFO 8716 [egg-schedule]: register schedule F:\code\egg-rely\example-app\node_modules\_egg-logrotator@2.3.1@egg-logrotator\app\schedule\clean_log.js
2018-03-08 21:05:12,635 INFO 8716 [egg-schedule]: register schedule F:\code\egg-rely\example-app\node_modules\_egg-logrotator@2.3.1@egg-logrotator\app\schedule\rotate_by_file.js
2018-03-08 21:05:12,701 INFO 8716 [egg-static] starting static serve /public/ -> f:\code\egg-rely\example-app\app\public
2018-03-08 21:05:12,703 INFO 8716 [egg-security] use csrf middleware
2018-03-08 21:05:12,704 INFO 8716 [egg-security] use methodnoallow middleware
2018-03-08 21:05:12,704 INFO 8716 [egg-security] use noopen middleware
2018-03-08 21:05:12,705 INFO 8716 [egg-security] use nosniff middleware
2018-03-08 21:05:12,705 INFO 8716 [egg-security] use xssProtection middleware
2018-03-08 21:05:12,706 INFO 8716 [egg-security] use xframe middleware
2018-03-08 21:05:12,706 INFO 8716 [egg-security] use dta middleware
2018-03-08 21:05:12,707 INFO 8716 [egg-security] compose 7 middlewares into one security middleware
2018-03-08 21:22:53,656 INFO 9500 [egg:logger] init all loggers with options: {"dir":"F:\\code\\egg-rely\\example-app\\logs\\progressive","encoding":"utf8","env":"local","level":"INFO","consoleLevel":"INFO","disableConsoleAfterReady":false,"outputJSON":false,"buffer":true,"appLogName":"progressive-web.log","coreLogName":"egg-web.log","agentLogName":"egg-agent.log","errorLogName":"common-error.log","coreLogger":{"consoleLevel":"WARN"},"allowDebugAtProd":true,"type":"application"}
2018-03-08 21:22:53,686 INFO 9500 [egg-schedule]: register schedule F:\code\egg-rely\example-app\node_modules\_egg-logrotator@2.3.1@egg-logrotator\app\schedule\clean_log.js
2018-03-08 21:22:53,686 INFO 9500 [egg-schedule]: register schedule F:\code\egg-rely\example-app\node_modules\_egg-logrotator@2.3.1@egg-logrotator\app\schedule\rotate_by_file.js
2018-03-08 21:22:53,742 INFO 9500 [egg-static] starting static serve /public/ -> F:\code\egg-rely\example-app\app\public
2018-03-08 21:22:53,748 INFO 9500 [egg-security] use csrf middleware
2018-03-08 21:22:53,750 INFO 9500 [egg-security] use methodnoallow middleware
2018-03-08 21:22:53,750 INFO 9500 [egg-security] use noopen middleware
2018-03-08 21:22:53,751 INFO 9500 [egg-security] use nosniff middleware
2018-03-08 21:22:53,751 INFO 9500 [egg-security] use xssProtection middleware
2018-03-08 21:22:53,751 INFO 9500 [egg-security] use xframe middleware
2018-03-08 21:22:53,751 INFO 9500 [egg-security] use dta middleware
2018-03-08 21:22:53,751 INFO 9500 [egg-security] compose 7 middlewares into one security middleware
2018-03-08 21:23:11,534 INFO 6132 [egg:logger] init all loggers with options: {"dir":"F:\\code\\egg-rely\\example-app\\logs\\progressive","encoding":"utf8","env":"local","level":"INFO","consoleLevel":"INFO","disableConsoleAfterReady":false,"outputJSON":false,"buffer":true,"appLogName":"progressive-web.log","coreLogName":"egg-web.log","agentLogName":"egg-agent.log","errorLogName":"common-error.log","coreLogger":{"consoleLevel":"WARN"},"allowDebugAtProd":true,"type":"application"}
2018-03-08 21:23:11,562 INFO 6132 [egg-schedule]: register schedule F:\code\egg-rely\example-app\node_modules\_egg-logrotator@2.3.1@egg-logrotator\app\schedule\clean_log.js
2018-03-08 21:23:11,562 INFO 6132 [egg-schedule]: register schedule F:\code\egg-rely\example-app\node_modules\_egg-logrotator@2.3.1@egg-logrotator\app\schedule\rotate_by_file.js
2018-03-08 21:23:11,620 INFO 6132 [egg-static] starting static serve /public/ -> F:\code\egg-rely\example-app\app\public
2018-03-08 21:23:11,624 INFO 6132 [egg-security] use csrf middleware
2018-03-08 21:23:11,625 INFO 6132 [egg-security] use methodnoallow middleware
2018-03-08 21:23:11,626 INFO 6132 [egg-security] use noopen middleware
2018-03-08 21:23:11,626 INFO 6132 [egg-security] use nosniff middleware
2018-03-08 21:23:11,626 INFO 6132 [egg-security] use xssProtection middleware
2018-03-08 21:23:11,627 INFO 6132 [egg-security] use xframe middleware
2018-03-08 21:23:11,627 INFO 6132 [egg-security] use dta middleware
2018-03-08 21:23:11,627 INFO 6132 [egg-security] compose 7 middlewares into one security middleware
2018-03-08 21:26:38,727 INFO 9380 [egg:logger] init all loggers with options: {"dir":"f:\\code\\egg-rely\\example-app\\logs\\progressive","encoding":"utf8","env":"local","level":"INFO","consoleLevel":"INFO","disableConsoleAfterReady":false,"outputJSON":false,"buffer":true,"appLogName":"progressive-web.log","coreLogName":"egg-web.log","agentLogName":"egg-agent.log","errorLogName":"common-error.log","coreLogger":{"consoleLevel":"WARN"},"allowDebugAtProd":true,"type":"application"}
2018-03-08 21:26:38,758 INFO 9380 [egg-schedule]: register schedule F:\code\egg-rely\example-app\node_modules\_egg-logrotator@2.3.1@egg-logrotator\app\schedule\clean_log.js
2018-03-08 21:26:38,758 INFO 9380 [egg-schedule]: register schedule F:\code\egg-rely\example-app\node_modules\_egg-logrotator@2.3.1@egg-logrotator\app\schedule\rotate_by_file.js
2018-03-08 21:26:38,829 INFO 9380 [egg-static] starting static serve /public/ -> f:\code\egg-rely\example-app\app\public
2018-03-08 21:26:38,835 INFO 9380 [egg-security] use csrf middleware
2018-03-08 21:26:38,837 INFO 9380 [egg-security] use methodnoallow middleware
2018-03-08 21:26:38,837 INFO 9380 [egg-security] use noopen middleware
2018-03-08 21:26:38,838 INFO 9380 [egg-security] use nosniff middleware
2018-03-08 21:26:38,838 INFO 9380 [egg-security] use xssProtection middleware
2018-03-08 21:26:38,839 INFO 9380 [egg-security] use xframe middleware
2018-03-08 21:26:38,840 INFO 9380 [egg-security] use dta middleware
2018-03-08 21:26:38,840 INFO 9380 [egg-security] compose 7 middlewares into one security middleware
2018-03-08 21:27:49,146 INFO 10080 [egg:logger] init all loggers with options: {"dir":"f:\\code\\egg-rely\\example-app\\logs\\progressive","encoding":"utf8","env":"local","level":"INFO","consoleLevel":"INFO","disableConsoleAfterReady":false,"outputJSON":false,"buffer":true,"appLogName":"progressive-web.log","coreLogName":"egg-web.log","agentLogName":"egg-agent.log","errorLogName":"common-error.log","coreLogger":{"consoleLevel":"WARN"},"allowDebugAtProd":true,"type":"application"}
2018-03-08 21:27:49,179 INFO 10080 [egg-schedule]: register schedule F:\code\egg-rely\example-app\node_modules\_egg-logrotator@2.3.1@egg-logrotator\app\schedule\clean_log.js
2018-03-08 21:27:49,179 INFO 10080 [egg-schedule]: register schedule F:\code\egg-rely\example-app\node_modules\_egg-logrotator@2.3.1@egg-logrotator\app\schedule\rotate_by_file.js
2018-03-08 21:27:49,254 INFO 10080 [egg-static] starting static serve /public/ -> f:\code\egg-rely\example-app\app\public
2018-03-08 21:27:49,260 INFO 10080 [egg-security] use csrf middleware
2018-03-08 21:27:49,262 INFO 10080 [egg-security] use methodnoallow middleware
2018-03-08 21:27:49,262 INFO 10080 [egg-security] use noopen middleware
2018-03-08 21:27:49,263 INFO 10080 [egg-security] use nosniff middleware
2018-03-08 21:27:49,263 INFO 10080 [egg-security] use xssProtection middleware
2018-03-08 21:27:49,264 INFO 10080 [egg-security] use xframe middleware
2018-03-08 21:27:49,264 INFO 10080 [egg-security] use dta middleware
2018-03-08 21:27:49,264 INFO 10080 [egg-security] compose 7 middlewares into one security middleware
2018-03-08 21:29:58,826 INFO 11096 [egg:logger] init all loggers with options: {"dir":"f:\\code\\egg-rely\\example-app\\logs\\progressive","encoding":"utf8","env":"local","level":"INFO","consoleLevel":"INFO","disableConsoleAfterReady":false,"outputJSON":false,"buffer":true,"appLogName":"progressive-web.log","coreLogName":"egg-web.log","agentLogName":"egg-agent.log","errorLogName":"common-error.log","coreLogger":{"consoleLevel":"WARN"},"allowDebugAtProd":true,"type":"application"}
2018-03-08 21:29:58,861 INFO 11096 [egg-schedule]: register schedule F:\code\egg-rely\example-app\node_modules\_egg-logrotator@2.3.1@egg-logrotator\app\schedule\clean_log.js
2018-03-08 21:29:58,861 INFO 11096 [egg-schedule]: register schedule F:\code\egg-rely\example-app\node_modules\_egg-logrotator@2.3.1@egg-logrotator\app\schedule\rotate_by_file.js
2018-03-08 21:29:58,932 INFO 11096 [egg-static] starting static serve /public/ -> f:\code\egg-rely\example-app\app\public
2018-03-08 21:29:58,940 INFO 11096 [egg-security] use csrf middleware
2018-03-08 21:29:58,941 INFO 11096 [egg-security] use methodnoallow middleware
2018-03-08 21:29:58,941 INFO 11096 [egg-security] use noopen middleware
2018-03-08 21:29:58,943 INFO 11096 [egg-security] use nosniff middleware
2018-03-08 21:29:58,943 INFO 11096 [egg-security] use xssProtection middleware
2018-03-08 21:29:58,944 INFO 11096 [egg-security] use xframe middleware
2018-03-08 21:29:58,945 INFO 11096 [egg-security] use dta middleware
2018-03-08 21:29:58,945 INFO 11096 [egg-security] compose 7 middlewares into one security middleware
2018-03-08 22:29:08,665 INFO 2520 [egg:logger] init all loggers with options: {"dir":"f:\\code\\egg-rely\\example-app\\logs\\progressive","encoding":"utf8","env":"local","level":"INFO","consoleLevel":"INFO","disableConsoleAfterReady":false,"outputJSON":false,"buffer":true,"appLogName":"progressive-web.log","coreLogName":"egg-web.log","agentLogName":"egg-agent.log","errorLogName":"common-error.log","coreLogger":{"consoleLevel":"WARN"},"allowDebugAtProd":true,"type":"application"}
2018-03-08 22:29:08,698 INFO 2520 [egg-schedule]: register schedule F:\code\egg-rely\example-app\node_modules\_egg-logrotator@2.3.1@egg-logrotator\app\schedule\clean_log.js
2018-03-08 22:29:08,698 INFO 2520 [egg-schedule]: register schedule F:\code\egg-rely\example-app\node_modules\_egg-logrotator@2.3.1@egg-logrotator\app\schedule\rotate_by_file.js
2018-03-08 22:29:08,782 INFO 2520 [egg-static] starting static serve /public/ -> f:\code\egg-rely\example-app\app\public
2018-03-08 22:29:08,788 INFO 2520 [egg-security] use csrf middleware
2018-03-08 22:29:08,789 INFO 2520 [egg-security] use methodnoallow middleware
2018-03-08 22:29:08,790 INFO 2520 [egg-security] use noopen middleware
2018-03-08 22:29:08,791 INFO 2520 [egg-security] use nosniff middleware
2018-03-08 22:29:08,791 INFO 2520 [egg-security] use xssProtection middleware
2018-03-08 22:29:08,792 INFO 2520 [egg-security] use xframe middleware
2018-03-08 22:29:08,792 INFO 2520 [egg-security] use dta middleware
2018-03-08 22:29:08,792 INFO 2520 [egg-security] compose 7 middlewares into one security middleware
2018-03-08 22:29:17,901 INFO 1260 [egg:logger] init all loggers with options: {"dir":"f:\\code\\egg-rely\\example-app\\logs\\progressive","encoding":"utf8","env":"local","level":"INFO","consoleLevel":"INFO","disableConsoleAfterReady":false,"outputJSON":false,"buffer":true,"appLogName":"progressive-web.log","coreLogName":"egg-web.log","agentLogName":"egg-agent.log","errorLogName":"common-error.log","coreLogger":{"consoleLevel":"WARN"},"allowDebugAtProd":true,"type":"application"}
2018-03-08 22:29:17,934 INFO 1260 [egg-schedule]: register schedule F:\code\egg-rely\example-app\node_modules\_egg-logrotator@2.3.1@egg-logrotator\app\schedule\clean_log.js
2018-03-08 22:29:17,934 INFO 1260 [egg-schedule]: register schedule F:\code\egg-rely\example-app\node_modules\_egg-logrotator@2.3.1@egg-logrotator\app\schedule\rotate_by_file.js
2018-03-08 22:29:18,005 INFO 1260 [egg-static] starting static serve /public/ -> f:\code\egg-rely\example-app\app\public
2018-03-08 22:29:18,011 INFO 1260 [egg-security] use csrf middleware
2018-03-08 22:29:18,013 INFO 1260 [egg-security] use methodnoallow middleware
2018-03-08 22:29:18,014 INFO 1260 [egg-security] use noopen middleware
2018-03-08 22:29:18,014 INFO 1260 [egg-security] use nosniff middleware
2018-03-08 22:29:18,014 INFO 1260 [egg-security] use xssProtection middleware
2018-03-08 22:29:18,015 INFO 1260 [egg-security] use xframe middleware
2018-03-08 22:29:18,016 INFO 1260 [egg-security] use dta middleware
2018-03-08 22:29:18,016 INFO 1260 [egg-security] compose 7 middlewares into one security middleware
2018-03-08 22:31:08,937 INFO 9356 [egg:logger] init all loggers with options: {"dir":"f:\\code\\egg-rely\\example-app\\logs\\progressive","encoding":"utf8","env":"local","level":"INFO","consoleLevel":"INFO","disableConsoleAfterReady":false,"outputJSON":false,"buffer":true,"appLogName":"progressive-web.log","coreLogName":"egg-web.log","agentLogName":"egg-agent.log","errorLogName":"common-error.log","coreLogger":{"consoleLevel":"WARN"},"allowDebugAtProd":true,"type":"application"}
2018-03-08 22:31:08,969 INFO 9356 [egg-schedule]: register schedule F:\code\egg-rely\example-app\node_modules\_egg-logrotator@2.3.1@egg-logrotator\app\schedule\clean_log.js
2018-03-08 22:31:08,969 INFO 9356 [egg-schedule]: register schedule F:\code\egg-rely\example-app\node_modules\_egg-logrotator@2.3.1@egg-logrotator\app\schedule\rotate_by_file.js
2018-03-08 22:31:09,045 INFO 9356 [egg-static] starting static serve /public/ -> f:\code\egg-rely\example-app\app\public
2018-03-08 22:31:09,051 INFO 9356 [egg-security] use csrf middleware
2018-03-08 22:31:09,053 INFO 9356 [egg-security] use methodnoallow middleware
2018-03-08 22:31:09,054 INFO 9356 [egg-security] use noopen middleware
2018-03-08 22:31:09,054 INFO 9356 [egg-security] use nosniff middleware
2018-03-08 22:31:09,055 INFO 9356 [egg-security] use xssProtection middleware
2018-03-08 22:31:09,056 INFO 9356 [egg-security] use xframe middleware
2018-03-08 22:31:09,056 INFO 9356 [egg-security] use dta middleware
2018-03-08 22:31:09,056 INFO 9356 [egg-security] compose 7 middlewares into one security middleware
2018-03-08 22:39:53,060 INFO 3920 [egg:logger] init all loggers with options: {"dir":"f:\\code\\egg-rely\\example-app\\logs\\progressive","encoding":"utf8","env":"local","level":"INFO","consoleLevel":"INFO","disableConsoleAfterReady":false,"outputJSON":false,"buffer":true,"appLogName":"progressive-web.log","coreLogName":"egg-web.log","agentLogName":"egg-agent.log","errorLogName":"common-error.log","coreLogger":{"consoleLevel":"WARN"},"allowDebugAtProd":true,"type":"application"}
2018-03-08 22:39:53,094 INFO 3920 [egg-schedule]: register schedule F:\code\egg-rely\example-app\node_modules\_egg-logrotator@2.3.1@egg-logrotator\app\schedule\clean_log.js
2018-03-08 22:39:53,094 INFO 3920 [egg-schedule]: register schedule F:\code\egg-rely\example-app\node_modules\_egg-logrotator@2.3.1@egg-logrotator\app\schedule\rotate_by_file.js
2018-03-08 22:39:53,162 INFO 3920 [egg-static] starting static serve /public/ -> f:\code\egg-rely\example-app\app\public
2018-03-08 22:39:53,169 INFO 3920 [egg-security] use csrf middleware
2018-03-08 22:39:53,171 INFO 3920 [egg-security] use methodnoallow middleware
2018-03-08 22:39:53,171 INFO 3920 [egg-security] use noopen middleware
2018-03-08 22:39:53,172 INFO 3920 [egg-security] use nosniff middleware
2018-03-08 22:39:53,172 INFO 3920 [egg-security] use xssProtection middleware
2018-03-08 22:39:53,173 INFO 3920 [egg-security] use xframe middleware
2018-03-08 22:39:53,174 INFO 3920 [egg-security] use dta middleware
2018-03-08 22:39:53,174 INFO 3920 [egg-security] compose 7 middlewares into one security middleware
2018-03-08 22:41:20,696 INFO 10652 [egg:logger] init all loggers with options: {"dir":"f:\\code\\egg-rely\\example-app\\logs\\progressive","encoding":"utf8","env":"local","level":"INFO","consoleLevel":"INFO","disableConsoleAfterReady":false,"outputJSON":false,"buffer":true,"appLogName":"progressive-web.log","coreLogName":"egg-web.log","agentLogName":"egg-agent.log","errorLogName":"common-error.log","coreLogger":{"consoleLevel":"WARN"},"allowDebugAtProd":true,"type":"application"}
2018-03-08 22:41:20,729 INFO 10652 [egg-schedule]: register schedule F:\code\egg-rely\example-app\node_modules\_egg-logrotator@2.3.1@egg-logrotator\app\schedule\clean_log.js
2018-03-08 22:41:20,729 INFO 10652 [egg-schedule]: register schedule F:\code\egg-rely\example-app\node_modules\_egg-logrotator@2.3.1@egg-logrotator\app\schedule\rotate_by_file.js
2018-03-08 22:41:20,798 INFO 10652 [egg-static] starting static serve /public/ -> f:\code\egg-rely\example-app\app\public
2018-03-08 22:41:20,804 INFO 10652 [egg-security] use csrf middleware
2018-03-08 22:41:20,806 INFO 10652 [egg-security] use methodnoallow middleware
2018-03-08 22:41:20,807 INFO 10652 [egg-security] use noopen middleware
2018-03-08 22:41:20,807 INFO 10652 [egg-security] use nosniff middleware
2018-03-08 22:41:20,808 INFO 10652 [egg-security] use xssProtection middleware
2018-03-08 22:41:20,809 INFO 10652 [egg-security] use xframe middleware
2018-03-08 22:41:20,809 INFO 10652 [egg-security] use dta middleware
2018-03-08 22:41:20,809 INFO 10652 [egg-security] compose 7 middlewares into one security middleware
2018-03-08 22:56:24,430 INFO 11540 [egg:logger] init all loggers with options: {"dir":"f:\\code\\egg-rely\\example-app\\logs\\progressive","encoding":"utf8","env":"local","level":"INFO","consoleLevel":"INFO","disableConsoleAfterReady":false,"outputJSON":false,"buffer":true,"appLogName":"progressive-web.log","coreLogName":"egg-web.log","agentLogName":"egg-agent.log","errorLogName":"common-error.log","coreLogger":{"consoleLevel":"WARN"},"allowDebugAtProd":true,"type":"application"}
2018-03-08 22:56:24,461 INFO 11540 [egg-schedule]: register schedule F:\code\egg-rely\example-app\node_modules\_egg-logrotator@2.3.1@egg-logrotator\app\schedule\clean_log.js
2018-03-08 22:56:24,461 INFO 11540 [egg-schedule]: register schedule F:\code\egg-rely\example-app\node_modules\_egg-logrotator@2.3.1@egg-logrotator\app\schedule\rotate_by_file.js
2018-03-08 22:56:24,537 INFO 11540 [egg-static] starting static serve /public/ -> f:\code\egg-rely\example-app\app\public
2018-03-08 22:56:24,541 INFO 11540 [egg-security] use csrf middleware
2018-03-08 22:56:24,542 INFO 11540 [egg-security] use methodnoallow middleware
2018-03-08 22:56:24,543 INFO 11540 [egg-security] use noopen middleware
2018-03-08 22:56:24,543 INFO 11540 [egg-security] use nosniff middleware
2018-03-08 22:56:24,544 INFO 11540 [egg-security] use xssProtection middleware
2018-03-08 22:56:24,544 INFO 11540 [egg-security] use xframe middleware
2018-03-08 22:56:24,545 INFO 11540 [egg-security] use dta middleware
2018-03-08 22:56:24,545 INFO 11540 [egg-security] compose 7 middlewares into one security middleware
2018-03-08 23:02:00,930 INFO 11812 [egg:logger] init all loggers with options: {"dir":"f:\\code\\egg-rely\\example-app\\logs\\progressive","encoding":"utf8","env":"local","level":"INFO","consoleLevel":"INFO","disableConsoleAfterReady":false,"outputJSON":false,"buffer":true,"appLogName":"progressive-web.log","coreLogName":"egg-web.log","agentLogName":"egg-agent.log","errorLogName":"common-error.log","coreLogger":{"consoleLevel":"WARN"},"allowDebugAtProd":true,"type":"application"}
2018-03-08 23:02:00,961 INFO 11812 [egg-schedule]: register schedule F:\code\egg-rely\example-app\node_modules\_egg-logrotator@2.3.1@egg-logrotator\app\schedule\clean_log.js
2018-03-08 23:02:00,961 INFO 11812 [egg-schedule]: register schedule F:\code\egg-rely\example-app\node_modules\_egg-logrotator@2.3.1@egg-logrotator\app\schedule\rotate_by_file.js
2018-03-08 23:02:01,034 INFO 11812 [egg-static] starting static serve /public/ -> f:\code\egg-rely\example-app\app\public
2018-03-08 23:02:01,039 INFO 11812 [egg-security] use csrf middleware
2018-03-08 23:02:01,041 INFO 11812 [egg-security] use methodnoallow middleware
2018-03-08 23:02:01,042 INFO 11812 [egg-security] use noopen middleware
2018-03-08 23:02:01,042 INFO 11812 [egg-security] use nosniff middleware
2018-03-08 23:02:01,043 INFO 11812 [egg-security] use xssProtection middleware
2018-03-08 23:02:01,043 INFO 11812 [egg-security] use xframe middleware
2018-03-08 23:02:01,044 INFO 11812 [egg-security] use dta middleware
2018-03-08 23:02:01,044 INFO 11812 [egg-security] compose 7 middlewares into one security middleware
2018-03-08 23:06:00,563 INFO 11720 [egg:logger] init all loggers with options: {"dir":"f:\\code\\egg-rely\\example-app\\logs\\progressive","encoding":"utf8","env":"local","level":"INFO","consoleLevel":"INFO","disableConsoleAfterReady":false,"outputJSON":false,"buffer":true,"appLogName":"progressive-web.log","coreLogName":"egg-web.log","agentLogName":"egg-agent.log","errorLogName":"common-error.log","coreLogger":{"consoleLevel":"WARN"},"allowDebugAtProd":true,"type":"application"}
2018-03-08 23:06:00,596 INFO 11720 [egg-schedule]: register schedule F:\code\egg-rely\example-app\node_modules\_egg-logrotator@2.3.1@egg-logrotator\app\schedule\clean_log.js
2018-03-08 23:06:00,596 INFO 11720 [egg-schedule]: register schedule F:\code\egg-rely\example-app\node_modules\_egg-logrotator@2.3.1@egg-logrotator\app\schedule\rotate_by_file.js
2018-03-08 23:06:00,664 INFO 11720 [egg-static] starting static serve /public/ -> f:\code\egg-rely\example-app\app\public
2018-03-08 23:06:00,670 INFO 11720 [egg-security] use csrf middleware
2018-03-08 23:06:00,672 INFO 11720 [egg-security] use methodnoallow middleware
2018-03-08 23:06:00,672 INFO 11720 [egg-security] use noopen middleware
2018-03-08 23:06:00,673 INFO 11720 [egg-security] use nosniff middleware
2018-03-08 23:06:00,673 INFO 11720 [egg-security] use xssProtection middleware
2018-03-08 23:06:00,674 INFO 11720 [egg-security] use xframe middleware
2018-03-08 23:06:00,675 INFO 11720 [egg-security] use dta middleware
2018-03-08 23:06:00,675 INFO 11720 [egg-security] compose 7 middlewares into one security middleware
2018-03-08 23:18:27,988 INFO 9484 [egg:logger] init all loggers with options: {"dir":"f:\\code\\egg-rely\\example-app\\logs\\progressive","encoding":"utf8","env":"local","level":"INFO","consoleLevel":"INFO","disableConsoleAfterReady":false,"outputJSON":false,"buffer":true,"appLogName":"progressive-web.log","coreLogName":"egg-web.log","agentLogName":"egg-agent.log","errorLogName":"common-error.log","coreLogger":{"consoleLevel":"WARN"},"allowDebugAtProd":true,"type":"application"}
2018-03-08 23:18:28,022 INFO 9484 [egg-schedule]: register schedule F:\code\egg-rely\example-app\node_modules\_egg-logrotator@2.3.1@egg-logrotator\app\schedule\clean_log.js
2018-03-08 23:18:28,022 INFO 9484 [egg-schedule]: register schedule F:\code\egg-rely\example-app\node_modules\_egg-logrotator@2.3.1@egg-logrotator\app\schedule\rotate_by_file.js
2018-03-08 23:18:28,094 INFO 9484 [egg-static] starting static serve /public/ -> f:\code\egg-rely\example-app\app\public
2018-03-08 23:18:28,100 INFO 9484 [egg-security] use csrf middleware
2018-03-08 23:18:28,102 INFO 9484 [egg-security] use methodnoallow middleware
2018-03-08 23:18:28,103 INFO 9484 [egg-security] use noopen middleware
2018-03-08 23:18:28,103 INFO 9484 [egg-security] use nosniff middleware
2018-03-08 23:18:28,104 INFO 9484 [egg-security] use xssProtection middleware
2018-03-08 23:18:28,105 INFO 9484 [egg-security] use xframe middleware
2018-03-08 23:18:28,105 INFO 9484 [egg-security] use dta middleware
2018-03-08 23:18:28,105 INFO 9484 [egg-security] compose 7 middlewares into one security middleware
2018-03-08 23:24:30,436 INFO 11472 [egg:logger] init all loggers with options: {"dir":"f:\\code\\egg-rely\\example-app\\logs\\progressive","encoding":"utf8","env":"local","level":"INFO","consoleLevel":"INFO","disableConsoleAfterReady":false,"outputJSON":false,"buffer":true,"appLogName":"progressive-web.log","coreLogName":"egg-web.log","agentLogName":"egg-agent.log","errorLogName":"common-error.log","coreLogger":{"consoleLevel":"WARN"},"allowDebugAtProd":true,"type":"application"}
2018-03-08 23:24:30,466 INFO 11472 [egg-schedule]: register schedule F:\code\egg-rely\example-app\node_modules\_egg-logrotator@2.3.1@egg-logrotator\app\schedule\clean_log.js
2018-03-08 23:24:30,466 INFO 11472 [egg-schedule]: register schedule F:\code\egg-rely\example-app\node_modules\_egg-logrotator@2.3.1@egg-logrotator\app\schedule\rotate_by_file.js
2018-03-08 23:24:30,537 INFO 11472 [egg-static] starting static serve /public/ -> f:\code\egg-rely\example-app\app\public
2018-03-08 23:24:30,543 INFO 11472 [egg-security] use csrf middleware
2018-03-08 23:24:30,544 INFO 11472 [egg-security] use methodnoallow middleware
2018-03-08 23:24:30,545 INFO 11472 [egg-security] use noopen middleware
2018-03-08 23:24:30,546 INFO 11472 [egg-security] use nosniff middleware
2018-03-08 23:24:30,546 INFO 11472 [egg-security] use xssProtection middleware
2018-03-08 23:24:30,547 INFO 11472 [egg-security] use xframe middleware
2018-03-08 23:24:30,547 INFO 11472 [egg-security] use dta middleware
2018-03-08 23:24:30,547 INFO 11472 [egg-security] compose 7 middlewares into one security middleware
2018-03-08 23:36:07,678 INFO 11836 [egg:logger] init all loggers with options: {"dir":"f:\\code\\egg-rely\\example-app\\logs\\progressive","encoding":"utf8","env":"local","level":"INFO","consoleLevel":"INFO","disableConsoleAfterReady":false,"outputJSON":false,"buffer":true,"appLogName":"progressive-web.log","coreLogName":"egg-web.log","agentLogName":"egg-agent.log","errorLogName":"common-error.log","coreLogger":{"consoleLevel":"WARN"},"allowDebugAtProd":true,"type":"application"}
2018-03-08 23:36:07,709 INFO 11836 [egg-schedule]: register schedule F:\code\egg-rely\example-app\node_modules\_egg-logrotator@2.3.1@egg-logrotator\app\schedule\clean_log.js
2018-03-08 23:36:07,709 INFO 11836 [egg-schedule]: register schedule F:\code\egg-rely\example-app\node_modules\_egg-logrotator@2.3.1@egg-logrotator\app\schedule\rotate_by_file.js
2018-03-08 23:36:07,781 INFO 11836 [egg-static] starting static serve /public/ -> f:\code\egg-rely\example-app\app\public
2018-03-08 23:36:07,787 INFO 11836 [egg-security] use csrf middleware
2018-03-08 23:36:07,789 INFO 11836 [egg-security] use methodnoallow middleware
2018-03-08 23:36:07,789 INFO 11836 [egg-security] use noopen middleware
2018-03-08 23:36:07,790 INFO 11836 [egg-security] use nosniff middleware
2018-03-08 23:36:07,790 INFO 11836 [egg-security] use xssProtection middleware
2018-03-08 23:36:07,791 INFO 11836 [egg-security] use xframe middleware
2018-03-08 23:36:07,792 INFO 11836 [egg-security] use dta middleware
2018-03-08 23:36:07,792 INFO 11836 [egg-security] compose 7 middlewares into one security middleware
2018-03-08 23:36:45,041 INFO 11340 [egg:logger] init all loggers with options: {"dir":"f:\\code\\egg-rely\\example-app\\logs\\progressive","encoding":"utf8","env":"local","level":"INFO","consoleLevel":"INFO","disableConsoleAfterReady":false,"outputJSON":false,"buffer":true,"appLogName":"progressive-web.log","coreLogName":"egg-web.log","agentLogName":"egg-agent.log","errorLogName":"common-error.log","coreLogger":{"consoleLevel":"WARN"},"allowDebugAtProd":true,"type":"application"}
2018-03-08 23:36:45,075 INFO 11340 [egg-schedule]: register schedule F:\code\egg-rely\example-app\node_modules\_egg-logrotator@2.3.1@egg-logrotator\app\schedule\clean_log.js
2018-03-08 23:36:45,075 INFO 11340 [egg-schedule]: register schedule F:\code\egg-rely\example-app\node_modules\_egg-logrotator@2.3.1@egg-logrotator\app\schedule\rotate_by_file.js
2018-03-08 23:36:45,148 INFO 11340 [egg-static] starting static serve /public/ -> f:\code\egg-rely\example-app\app\public
2018-03-08 23:36:45,153 INFO 11340 [egg-security] use csrf middleware
2018-03-08 23:36:45,155 INFO 11340 [egg-security] use methodnoallow middleware
2018-03-08 23:36:45,155 INFO 11340 [egg-security] use noopen middleware
2018-03-08 23:36:45,155 INFO 11340 [egg-security] use nosniff middleware
2018-03-08 23:36:45,156 INFO 11340 [egg-security] use xssProtection middleware
2018-03-08 23:36:45,157 INFO 11340 [egg-security] use xframe middleware
2018-03-08 23:36:45,157 INFO 11340 [egg-security] use dta middleware
2018-03-08 23:36:45,157 INFO 11340 [egg-security] compose 7 middlewares into one security middleware
2018-03-08 23:49:00,124 INFO 11316 [egg:logger] init all loggers with options: {"dir":"f:\\code\\egg-rely\\example-app\\logs\\progressive","encoding":"utf8","env":"local","level":"INFO","consoleLevel":"INFO","disableConsoleAfterReady":false,"outputJSON":false,"buffer":true,"appLogName":"progressive-web.log","coreLogName":"egg-web.log","agentLogName":"egg-agent.log","errorLogName":"common-error.log","coreLogger":{"consoleLevel":"WARN"},"allowDebugAtProd":true,"type":"application"}
2018-03-08 23:49:00,155 INFO 11316 [egg-schedule]: register schedule F:\code\egg-rely\example-app\node_modules\_egg-logrotator@2.3.1@egg-logrotator\app\schedule\clean_log.js
2018-03-08 23:49:00,155 INFO 11316 [egg-schedule]: register schedule F:\code\egg-rely\example-app\node_modules\_egg-logrotator@2.3.1@egg-logrotator\app\schedule\rotate_by_file.js
2018-03-08 23:49:00,227 INFO 11316 [egg-static] starting static serve /public/ -> f:\code\egg-rely\example-app\app\public
2018-03-08 23:49:00,233 INFO 11316 [egg-security] use csrf middleware
2018-03-08 23:49:00,234 INFO 11316 [egg-security] use methodnoallow middleware
2018-03-08 23:49:00,235 INFO 11316 [egg-security] use noopen middleware
2018-03-08 23:49:00,236 INFO 11316 [egg-security] use nosniff middleware
2018-03-08 23:49:00,236 INFO 11316 [egg-security] use xssProtection middleware
2018-03-08 23:49:00,237 INFO 11316 [egg-security] use xframe middleware
2018-03-08 23:49:00,238 INFO 11316 [egg-security] use dta middleware
2018-03-08 23:49:00,238 INFO 11316 [egg-security] compose 7 middlewares into one security middleware
2018-03-09 00:01:32,186 INFO 12972 [egg:logger] init all loggers with options: {"dir":"f:\\code\\egg-rely\\example-app\\logs\\progressive","encoding":"utf8","env":"local","level":"INFO","consoleLevel":"INFO","disableConsoleAfterReady":false,"outputJSON":false,"buffer":true,"appLogName":"progressive-web.log","coreLogName":"egg-web.log","agentLogName":"egg-agent.log","errorLogName":"common-error.log","coreLogger":{"consoleLevel":"WARN"},"allowDebugAtProd":true,"type":"application"}
2018-03-09 00:01:32,220 INFO 12972 [egg-schedule]: register schedule F:\code\egg-rely\example-app\node_modules\_egg-logrotator@2.3.1@egg-logrotator\app\schedule\clean_log.js
2018-03-09 00:01:32,220 INFO 12972 [egg-schedule]: register schedule F:\code\egg-rely\example-app\node_modules\_egg-logrotator@2.3.1@egg-logrotator\app\schedule\rotate_by_file.js
2018-03-09 00:01:32,294 INFO 12972 [egg-static] starting static serve /public/ -> f:\code\egg-rely\example-app\app\public
2018-03-09 00:01:32,300 INFO 12972 [egg-security] use csrf middleware
2018-03-09 00:01:32,304 INFO 12972 [egg-security] use methodnoallow middleware
2018-03-09 00:01:32,304 INFO 12972 [egg-security] use noopen middleware
2018-03-09 00:01:32,305 INFO 12972 [egg-security] use nosniff middleware
2018-03-09 00:01:32,306 INFO 12972 [egg-security] use xssProtection middleware
2018-03-09 00:01:32,307 INFO 12972 [egg-security] use xframe middleware
2018-03-09 00:01:32,307 INFO 12972 [egg-security] use dta middleware
2018-03-09 00:01:32,307 INFO 12972 [egg-security] compose 7 middlewares into one security middleware
2018-03-09 00:03:10,710 INFO 9828 [egg:logger] init all loggers with options: {"dir":"f:\\code\\egg-rely\\example-app\\logs\\progressive","encoding":"utf8","env":"local","level":"INFO","consoleLevel":"INFO","disableConsoleAfterReady":false,"outputJSON":false,"buffer":true,"appLogName":"progressive-web.log","coreLogName":"egg-web.log","agentLogName":"egg-agent.log","errorLogName":"common-error.log","coreLogger":{"consoleLevel":"WARN"},"allowDebugAtProd":true,"type":"application"}
2018-03-09 00:03:10,741 INFO 9828 [egg-schedule]: register schedule F:\code\egg-rely\example-app\node_modules\_egg-logrotator@2.3.1@egg-logrotator\app\schedule\clean_log.js
2018-03-09 00:03:10,741 INFO 9828 [egg-schedule]: register schedule F:\code\egg-rely\example-app\node_modules\_egg-logrotator@2.3.1@egg-logrotator\app\schedule\rotate_by_file.js
2018-03-09 00:03:10,812 INFO 9828 [egg-static] starting static serve /public/ -> f:\code\egg-rely\example-app\app\public
2018-03-09 00:03:10,818 INFO 9828 [egg-security] use csrf middleware
2018-03-09 00:03:10,820 INFO 9828 [egg-security] use methodnoallow middleware
2018-03-09 00:03:10,821 INFO 9828 [egg-security] use noopen middleware
2018-03-09 00:03:10,821 INFO 9828 [egg-security] use nosniff middleware
2018-03-09 00:03:10,822 INFO 9828 [egg-security] use xssProtection middleware
2018-03-09 00:03:10,822 INFO 9828 [egg-security] use xframe middleware
2018-03-09 00:03:10,822 INFO 9828 [egg-security] use dta middleware
2018-03-09 00:03:10,822 INFO 9828 [egg-security] compose 7 middlewares into one security middleware
2018-03-09 21:39:21,628 INFO 6488 [egg:logger] init all loggers with options: {"dir":"F:\\code\\egg-rely\\example-app\\logs\\progressive","encoding":"utf8","env":"local","level":"INFO","consoleLevel":"INFO","disableConsoleAfterReady":false,"outputJSON":false,"buffer":true,"appLogName":"progressive-web.log","coreLogName":"egg-web.log","agentLogName":"egg-agent.log","errorLogName":"common-error.log","coreLogger":{"consoleLevel":"WARN"},"allowDebugAtProd":true,"type":"application"}
2018-03-09 21:39:21,660 INFO 6488 [egg-schedule]: register schedule F:\code\egg-rely\example-app\node_modules\_egg-logrotator@2.3.1@egg-logrotator\app\schedule\clean_log.js
2018-03-09 21:39:21,660 INFO 6488 [egg-schedule]: register schedule F:\code\egg-rely\example-app\node_modules\_egg-logrotator@2.3.1@egg-logrotator\app\schedule\rotate_by_file.js
2018-03-09 21:39:22,214 INFO 6488 [egg-static] starting static serve /public/ -> F:\code\egg-rely\example-app\app\public
2018-03-09 21:39:22,220 INFO 6488 [egg-security] use csrf middleware
2018-03-09 21:39:22,222 INFO 6488 [egg-security] use methodnoallow middleware
2018-03-09 21:39:22,223 INFO 6488 [egg-security] use noopen middleware
2018-03-09 21:39:22,224 INFO 6488 [egg-security] use nosniff middleware
2018-03-09 21:39:22,225 INFO 6488 [egg-security] use xssProtection middleware
2018-03-09 21:39:22,226 INFO 6488 [egg-security] use xframe middleware
2018-03-09 21:39:22,227 INFO 6488 [egg-security] use dta middleware
2018-03-09 21:39:22,227 INFO 6488 [egg-security] compose 7 middlewares into one security middleware
2018-03-09 21:39:22,430 INFO 6488 [egg-watcher:app] watcher start success
2018-03-09 21:52:39,376 INFO 8148 [egg:logger] init all loggers with options: {"dir":"f:\\code\\egg-rely\\example-app\\logs\\progressive","encoding":"utf8","env":"local","level":"INFO","consoleLevel":"INFO","disableConsoleAfterReady":false,"outputJSON":false,"buffer":true,"appLogName":"progressive-web.log","coreLogName":"egg-web.log","agentLogName":"egg-agent.log","errorLogName":"common-error.log","coreLogger":{"consoleLevel":"WARN"},"allowDebugAtProd":true,"type":"application"}
2018-03-09 21:52:39,419 INFO 8148 [egg-schedule]: register schedule F:\code\egg-rely\example-app\node_modules\_egg-logrotator@2.3.1@egg-logrotator\app\schedule\clean_log.js
2018-03-09 21:52:39,419 INFO 8148 [egg-schedule]: register schedule F:\code\egg-rely\example-app\node_modules\_egg-logrotator@2.3.1@egg-logrotator\app\schedule\rotate_by_file.js
2018-03-09 21:52:39,477 INFO 8148 [egg-static] starting static serve /public/ -> f:\code\egg-rely\example-app\app\public
2018-03-09 21:52:39,497 INFO 8148 [egg-security] use csrf middleware
2018-03-09 21:52:39,497 INFO 8148 [egg-security] use methodnoallow middleware
2018-03-09 21:52:39,497 INFO 8148 [egg-security] use noopen middleware
2018-03-09 21:52:39,497 INFO 8148 [egg-security] use nosniff middleware
2018-03-09 21:52:39,497 INFO 8148 [egg-security] use xssProtection middleware
2018-03-09 21:52:39,497 INFO 8148 [egg-security] use xframe middleware
2018-03-09 21:52:39,497 INFO 8148 [egg-security] use dta middleware
2018-03-09 21:52:39,497 INFO 8148 [egg-security] compose 7 middlewares into one security middleware
2018-03-09 22:22:55,755 INFO 11280 [egg:logger] init all loggers with options: {"dir":"f:\\code\\egg-rely\\example-app\\logs\\progressive","encoding":"utf8","env":"local","level":"INFO","consoleLevel":"INFO","disableConsoleAfterReady":false,"outputJSON":false,"buffer":true,"appLogName":"progressive-web.log","coreLogName":"egg-web.log","agentLogName":"egg-agent.log","errorLogName":"common-error.log","coreLogger":{"consoleLevel":"WARN"},"allowDebugAtProd":true,"type":"application"}
2018-03-09 22:22:55,791 INFO 11280 [egg-schedule]: register schedule F:\code\egg-rely\example-app\node_modules\_egg-logrotator@2.3.1@egg-logrotator\app\schedule\clean_log.js
2018-03-09 22:22:55,791 INFO 11280 [egg-schedule]: register schedule F:\code\egg-rely\example-app\node_modules\_egg-logrotator@2.3.1@egg-logrotator\app\schedule\rotate_by_file.js
2018-03-09 22:22:55,867 INFO 11280 [egg-static] starting static serve /public/ -> f:\code\egg-rely\example-app\app\public
2018-03-09 22:22:55,873 INFO 11280 [egg-security] use csrf middleware
2018-03-09 22:22:55,874 INFO 11280 [egg-security] use methodnoallow middleware
2018-03-09 22:22:55,875 INFO 11280 [egg-security] use noopen middleware
2018-03-09 22:22:55,876 INFO 11280 [egg-security] use nosniff middleware
2018-03-09 22:22:55,876 INFO 11280 [egg-security] use xssProtection middleware
2018-03-09 22:22:55,877 INFO 11280 [egg-security] use xframe middleware
2018-03-09 22:22:55,877 INFO 11280 [egg-security] use dta middleware
2018-03-09 22:22:55,877 INFO 11280 [egg-security] compose 7 middlewares into one security middleware
2018-03-09 22:34:46,725 INFO 4476 [egg:logger] init all loggers with options: {"dir":"f:\\code\\egg-rely\\example-app\\logs\\progressive","encoding":"utf8","env":"local","level":"INFO","consoleLevel":"INFO","disableConsoleAfterReady":false,"outputJSON":false,"buffer":true,"appLogName":"progressive-web.log","coreLogName":"egg-web.log","agentLogName":"egg-agent.log","errorLogName":"common-error.log","coreLogger":{"consoleLevel":"WARN"},"allowDebugAtProd":true,"type":"application"}
2018-03-09 22:34:46,755 INFO 4476 [egg-schedule]: register schedule F:\code\egg-rely\example-app\node_modules\_egg-logrotator@2.3.1@egg-logrotator\app\schedule\clean_log.js
2018-03-09 22:34:46,755 INFO 4476 [egg-schedule]: register schedule F:\code\egg-rely\example-app\node_modules\_egg-logrotator@2.3.1@egg-logrotator\app\schedule\rotate_by_file.js
2018-03-09 22:34:46,832 INFO 4476 [egg-static] starting static serve /public/ -> f:\code\egg-rely\example-app\app\public
2018-03-09 22:34:46,839 INFO 4476 [egg-security] use csrf middleware
2018-03-09 22:34:46,841 INFO 4476 [egg-security] use methodnoallow middleware
2018-03-09 22:34:46,841 INFO 4476 [egg-security] use noopen middleware
2018-03-09 22:34:46,842 INFO 4476 [egg-security] use nosniff middleware
2018-03-09 22:34:46,842 INFO 4476 [egg-security] use xssProtection middleware
2018-03-09 22:34:46,843 INFO 4476 [egg-security] use xframe middleware
2018-03-09 22:34:46,843 INFO 4476 [egg-security] use dta middleware
2018-03-09 22:34:46,843 INFO 4476 [egg-security] compose 7 middlewares into one security middleware
2018-03-09 22:36:22,584 INFO 11568 [egg:logger] init all loggers with options: {"dir":"f:\\code\\egg-rely\\example-app\\logs\\progressive","encoding":"utf8","env":"local","level":"INFO","consoleLevel":"INFO","disableConsoleAfterReady":false,"outputJSON":false,"buffer":true,"appLogName":"progressive-web.log","coreLogName":"egg-web.log","agentLogName":"egg-agent.log","errorLogName":"common-error.log","coreLogger":{"consoleLevel":"WARN"},"allowDebugAtProd":true,"type":"application"}
2018-03-09 22:36:22,630 INFO 11568 [egg-schedule]: register schedule F:\code\egg-rely\example-app\node_modules\_egg-logrotator@2.3.1@egg-logrotator\app\schedule\clean_log.js
2018-03-09 22:36:22,630 INFO 11568 [egg-schedule]: register schedule F:\code\egg-rely\example-app\node_modules\_egg-logrotator@2.3.1@egg-logrotator\app\schedule\rotate_by_file.js
2018-03-09 22:36:22,707 INFO 11568 [egg-static] starting static serve /public/ -> f:\code\egg-rely\example-app\app\public
2018-03-09 22:36:22,713 INFO 11568 [egg-security] use csrf middleware
2018-03-09 22:36:22,714 INFO 11568 [egg-security] use methodnoallow middleware
2018-03-09 22:36:22,715 INFO 11568 [egg-security] use noopen middleware
2018-03-09 22:36:22,716 INFO 11568 [egg-security] use nosniff middleware
2018-03-09 22:36:22,716 INFO 11568 [egg-security] use xssProtection middleware
2018-03-09 22:36:22,717 INFO 11568 [egg-security] use xframe middleware
2018-03-09 22:36:22,718 INFO 11568 [egg-security] use dta middleware
2018-03-09 22:36:22,718 INFO 11568 [egg-security] compose 7 middlewares into one security middleware
2018-03-09 22:45:05,475 INFO 2320 [egg:logger] init all loggers with options: {"dir":"f:\\code\\egg-rely\\example-app\\logs\\progressive","encoding":"utf8","env":"local","level":"INFO","consoleLevel":"INFO","disableConsoleAfterReady":false,"outputJSON":false,"buffer":true,"appLogName":"progressive-web.log","coreLogName":"egg-web.log","agentLogName":"egg-agent.log","errorLogName":"common-error.log","coreLogger":{"consoleLevel":"WARN"},"allowDebugAtProd":true,"type":"application"}
2018-03-09 22:45:05,504 INFO 2320 [egg-schedule]: register schedule F:\code\egg-rely\example-app\node_modules\_egg-logrotator@2.3.1@egg-logrotator\app\schedule\clean_log.js
2018-03-09 22:45:05,504 INFO 2320 [egg-schedule]: register schedule F:\code\egg-rely\example-app\node_modules\_egg-logrotator@2.3.1@egg-logrotator\app\schedule\rotate_by_file.js
2018-03-09 22:45:05,591 INFO 2320 [egg-static] starting static serve /public/ -> f:\code\egg-rely\example-app\app\public
2018-03-09 22:45:05,594 INFO 2320 [egg-security] use csrf middleware
2018-03-09 22:45:05,594 INFO 2320 [egg-security] use methodnoallow middleware
2018-03-09 22:45:05,594 INFO 2320 [egg-security] use noopen middleware
2018-03-09 22:45:05,594 INFO 2320 [egg-security] use nosniff middleware
2018-03-09 22:45:05,594 INFO 2320 [egg-security] use xssProtection middleware
2018-03-09 22:45:05,594 INFO 2320 [egg-security] use xframe middleware
2018-03-09 22:45:05,594 INFO 2320 [egg-security] use dta middleware
2018-03-09 22:45:05,594 INFO 2320 [egg-security] compose 7 middlewares into one security middleware
2018-03-09 22:47:54,044 INFO 8044 [egg:logger] init all loggers with options: {"dir":"f:\\code\\egg-rely\\example-app\\logs\\progressive","encoding":"utf8","env":"local","level":"INFO","consoleLevel":"INFO","disableConsoleAfterReady":false,"outputJSON":false,"buffer":true,"appLogName":"progressive-web.log","coreLogName":"egg-web.log","agentLogName":"egg-agent.log","errorLogName":"common-error.log","coreLogger":{"consoleLevel":"WARN"},"allowDebugAtProd":true,"type":"application"}
2018-03-09 22:47:54,075 INFO 8044 [egg-schedule]: register schedule F:\code\egg-rely\example-app\node_modules\_egg-logrotator@2.3.1@egg-logrotator\app\schedule\clean_log.js
2018-03-09 22:47:54,075 INFO 8044 [egg-schedule]: register schedule F:\code\egg-rely\example-app\node_modules\_egg-logrotator@2.3.1@egg-logrotator\app\schedule\rotate_by_file.js
2018-03-09 22:47:54,154 INFO 8044 [egg-static] starting static serve /public/ -> f:\code\egg-rely\example-app\app\public
2018-03-09 22:47:54,154 INFO 8044 [egg-security] use csrf middleware
2018-03-09 22:47:54,154 INFO 8044 [egg-security] use methodnoallow middleware
2018-03-09 22:47:54,154 INFO 8044 [egg-security] use noopen middleware
2018-03-09 22:47:54,154 INFO 8044 [egg-security] use nosniff middleware
2018-03-09 22:47:54,154 INFO 8044 [egg-security] use xssProtection middleware
2018-03-09 22:47:54,171 INFO 8044 [egg-security] use xframe middleware
2018-03-09 22:47:54,172 INFO 8044 [egg-security] use dta middleware
2018-03-09 22:47:54,172 INFO 8044 [egg-security] compose 7 middlewares into one security middleware
